c:\users\samuel\onedrive - linköpings universitet\tnd004 - datastrukturer\tnd004\lab2\build\lab2.dir\debug\vc142.pdb
c:\users\samuel\onedrive - linköpings universitet\tnd004 - datastrukturer\tnd004\lab2\build\lab2.dir\debug\set.obj
c:\users\samuel\onedrive - linköpings universitet\tnd004 - datastrukturer\tnd004\lab2\build\lab2.dir\debug\lab2.obj
c:\users\samuel\onedrive - linköpings universitet\tnd004 - datastrukturer\tnd004\lab2\build\cmakefiles\generate.stamp
c:\users\samuel\onedrive - linköpings universitet\tnd004 - datastrukturer\tnd004\lab2\build\debug\lab2.exe
c:\users\samuel\onedrive - linköpings universitet\tnd004 - datastrukturer\tnd004\lab2\build\debug\lab2.ilk
c:\users\samuel\onedrive - linköpings universitet\tnd004 - datastrukturer\tnd004\lab2\build\debug\lab2.pdb
c:\users\samuel\onedrive - linköpings universitet\tnd004 - datastrukturer\tnd004\lab2\build\lab2.dir\debug\lab2.tlog\cl.command.1.tlog
c:\users\samuel\onedrive - linköpings universitet\tnd004 - datastrukturer\tnd004\lab2\build\lab2.dir\debug\lab2.tlog\cl.read.1.tlog
c:\users\samuel\onedrive - linköpings universitet\tnd004 - datastrukturer\tnd004\lab2\build\lab2.dir\debug\lab2.tlog\cl.write.1.tlog
c:\users\samuel\onedrive - linköpings universitet\tnd004 - datastrukturer\tnd004\lab2\build\lab2.dir\debug\lab2.tlog\clang-cl.44128.delete.1.tlog
c:\users\samuel\onedrive - linköpings universitet\tnd004 - datastrukturer\tnd004\lab2\build\lab2.dir\debug\lab2.tlog\clang-cl.47168.delete.1.tlog
c:\users\samuel\onedrive - linköpings universitet\tnd004 - datastrukturer\tnd004\lab2\build\lab2.dir\debug\lab2.tlog\clang-cl.58352.delete.1.tlog
c:\users\samuel\onedrive - linköpings universitet\tnd004 - datastrukturer\tnd004\lab2\build\lab2.dir\debug\lab2.tlog\clang-cl.65060.delete.1.tlog
c:\users\samuel\onedrive - linköpings universitet\tnd004 - datastrukturer\tnd004\lab2\build\lab2.dir\debug\lab2.tlog\clang-cl.66344.delete.1.tlog
c:\users\samuel\onedrive - linköpings universitet\tnd004 - datastrukturer\tnd004\lab2\build\lab2.dir\debug\lab2.tlog\clang-cl.68844.delete.1.tlog
c:\users\samuel\onedrive - linköpings universitet\tnd004 - datastrukturer\tnd004\lab2\build\lab2.dir\debug\lab2.tlog\clang-cl.command.1.tlog
c:\users\samuel\onedrive - linköpings universitet\tnd004 - datastrukturer\tnd004\lab2\build\lab2.dir\debug\lab2.tlog\clang-cl.delete.1.tlog
c:\users\samuel\onedrive - linköpings universitet\tnd004 - datastrukturer\tnd004\lab2\build\lab2.dir\debug\lab2.tlog\clang-cl.read.1.tlog
c:\users\samuel\onedrive - linköpings universitet\tnd004 - datastrukturer\tnd004\lab2\build\lab2.dir\debug\lab2.tlog\clang-cl.write.1.tlog
c:\users\samuel\onedrive - linköpings universitet\tnd004 - datastrukturer\tnd004\lab2\build\lab2.dir\debug\lab2.tlog\custombuild.command.1.tlog
c:\users\samuel\onedrive - linköpings universitet\tnd004 - datastrukturer\tnd004\lab2\build\lab2.dir\debug\lab2.tlog\custombuild.read.1.tlog
c:\users\samuel\onedrive - linköpings universitet\tnd004 - datastrukturer\tnd004\lab2\build\lab2.dir\debug\lab2.tlog\custombuild.write.1.tlog
c:\users\samuel\onedrive - linköpings universitet\tnd004 - datastrukturer\tnd004\lab2\build\lab2.dir\debug\lab2.tlog\link.command.1.tlog
c:\users\samuel\onedrive - linköpings universitet\tnd004 - datastrukturer\tnd004\lab2\build\lab2.dir\debug\lab2.tlog\link.read.1.tlog
c:\users\samuel\onedrive - linköpings universitet\tnd004 - datastrukturer\tnd004\lab2\build\lab2.dir\debug\lab2.tlog\link.write.1.tlog
c:\users\samuel\onedrive - linköpings universitet\tnd004 - datastrukturer\tnd004\lab2\build\lab2.dir\debug\lab2.tlog\lld-link.command.1.tlog
c:\users\samuel\onedrive - linköpings universitet\tnd004 - datastrukturer\tnd004\lab2\build\lab2.dir\debug\lab2.tlog\lld-link.delete.1.tlog
c:\users\samuel\onedrive - linköpings universitet\tnd004 - datastrukturer\tnd004\lab2\build\lab2.dir\debug\lab2.tlog\lld-link.read.1.tlog
c:\users\samuel\onedrive - linköpings universitet\tnd004 - datastrukturer\tnd004\lab2\build\lab2.dir\debug\lab2.tlog\lld-link.write.1.tlog
